Starting full data ingestion for all 365 dates...
This will take 6-12 hours. Progress will be saved as we go.


[1/366] Processing Jan 1 (01-01)...
  → Ingesting papers...
  ✗ Ingestion failed for 01-01

[2/366] Processing Jan 2 (01-02)...
  → Ingesting papers...
  ✗ Ingestion failed for 01-02

[3/366] Processing Jan 3 (01-03)...
  → Ingesting papers...
  ✗ Ingestion failed for 01-03

[4/366] Processing Jan 4 (01-04)...
  → Ingesting papers...
  ✗ Ingestion failed for 01-04

[5/366] Processing Jan 5 (01-05)...
  → Ingesting papers...
  ✗ Ingestion failed for 01-05

[6/366] Processing Jan 6 (01-06)...
  → Ingesting papers...
  ✗ Ingestion failed for 01-06

[7/366] Processing Jan 7 (01-07)...
  → Ingesting papers...
  ✗ Ingestion failed for 01-07

[8/366] Processing Jan 8 (01-08)...
  → Ingesting papers...
  ✗ Ingestion failed for 01-08

[9/366] Processing Jan 9 (01-09)...
  → Ingesting papers...
  ✗ Ingestion failed for 01-09

[10/366] Processing Jan 10 (01-10)...
  → Ingesting papers...
  ✗ Ingestion failed for 01-10

[11/366] Processing Jan 11 (01-11)...
  → Ingesting papers...
  ✗ Ingestion failed for 01-11

[12/366] Processing Jan 12 (01-12)...
  → Ingesting papers...
  ✗ Ingestion failed for 01-12

[13/366] Processing Jan 13 (01-13)...
  → Ingesting papers...
  ✗ Ingestion failed for 01-13

[14/366] Processing Jan 14 (01-14)...
  → Ingesting papers...
  ✗ Ingestion failed for 01-14

[15/366] Processing Jan 15 (01-15)...
  → Ingesting papers...
  ✗ Ingestion failed for 01-15

[16/366] Processing Jan 16 (01-16)...
  → Ingesting papers...
  ✗ Ingestion failed for 01-16

[17/366] Processing Jan 17 (01-17)...
  → Ingesting papers...
  ✗ Ingestion failed for 01-17

[18/366] Processing Jan 18 (01-18)...
  → Ingesting papers...
  ✗ Ingestion failed for 01-18

[19/366] Processing Jan 19 (01-19)...
  → Ingesting papers...
  ✗ Ingestion failed for 01-19

[20/366] Processing Jan 20 (01-20)...
  → Ingesting papers...
  ✗ Ingestion failed for 01-20

[21/366] Processing Jan 21 (01-21)...
  → Ingesting papers...
  ✗ Ingestion failed for 01-21

[22/366] Processing Jan 22 (01-22)...
  → Ingesting papers...
  ✗ Ingestion failed for 01-22

[23/366] Processing Jan 23 (01-23)...
  → Ingesting papers...
  ✗ Ingestion failed for 01-23

[24/366] Processing Jan 24 (01-24)...
  → Ingesting papers...
  ✗ Ingestion failed for 01-24

[25/366] Processing Jan 25 (01-25)...
  → Ingesting papers...
  ✗ Ingestion failed for 01-25

[26/366] Processing Jan 26 (01-26)...
  → Ingesting papers...
  ✗ Ingestion failed for 01-26

[27/366] Processing Jan 27 (01-27)...
  → Ingesting papers...
  ✗ Ingestion failed for 01-27

[28/366] Processing Jan 28 (01-28)...
  → Ingesting papers...
  ✗ Ingestion failed for 01-28

[29/366] Processing Jan 29 (01-29)...
  → Ingesting papers...
  ✗ Ingestion failed for 01-29

[30/366] Processing Jan 30 (01-30)...
  → Ingesting papers...
  ✗ Ingestion failed for 01-30

[31/366] Processing Jan 31 (01-31)...
  → Ingesting papers...
  ✗ Ingestion failed for 01-31

[32/366] Processing Feb 1 (02-01)...
  → Ingesting papers...
  ✗ Ingestion failed for 02-01

[33/366] Processing Feb 2 (02-02)...
  → Ingesting papers...
  ✗ Ingestion failed for 02-02

[34/366] Processing Feb 3 (02-03)...
  → Ingesting papers...
  ✗ Ingestion failed for 02-03

[35/366] Processing Feb 4 (02-04)...
  → Ingesting papers...
  ✗ Ingestion failed for 02-04

[36/366] Processing Feb 5 (02-05)...
  → Ingesting papers...
  ✗ Ingestion failed for 02-05

[37/366] Processing Feb 6 (02-06)...
  → Ingesting papers...
  ✗ Ingestion failed for 02-06

[38/366] Processing Feb 7 (02-07)...
  → Ingesting papers...
  ✗ Ingestion failed for 02-07

[39/366] Processing Feb 8 (02-08)...
  → Ingesting papers...
  ✗ Ingestion failed for 02-08

[40/366] Processing Feb 9 (02-09)...
  → Ingesting papers...
  ✗ Ingestion failed for 02-09

[41/366] Processing Feb 10 (02-10)...
  → Ingesting papers...
  ✗ Ingestion failed for 02-10

[42/366] Processing Feb 11 (02-11)...
  → Ingesting papers...
  ✗ Ingestion failed for 02-11

[43/366] Processing Feb 12 (02-12)...
  → Ingesting papers...
  ✗ Ingestion failed for 02-12

[44/366] Processing Feb 13 (02-13)...
  → Ingesting papers...
  ✗ Ingestion failed for 02-13

[45/366] Processing Feb 14 (02-14)...
  → Ingesting papers...
  ✗ Ingestion failed for 02-14

[46/366] Processing Feb 15 (02-15)...
  → Ingesting papers...
  ✗ Ingestion failed for 02-15

[47/366] Processing Feb 16 (02-16)...
  → Ingesting papers...
  ✗ Ingestion failed for 02-16

[48/366] Processing Feb 17 (02-17)...
  → Ingesting papers...
  ✗ Ingestion failed for 02-17

[49/366] Processing Feb 18 (02-18)...
  → Ingesting papers...
  ✗ Ingestion failed for 02-18

[50/366] Processing Feb 19 (02-19)...
  → Ingesting papers...
  ✗ Ingestion failed for 02-19

[51/366] Processing Feb 20 (02-20)...
  → Ingesting papers...
  ✗ Ingestion failed for 02-20

[52/366] Processing Feb 21 (02-21)...
  → Ingesting papers...
  ✗ Ingestion failed for 02-21

[53/366] Processing Feb 22 (02-22)...
  → Ingesting papers...
  ✗ Ingestion failed for 02-22

[54/366] Processing Feb 23 (02-23)...
  → Ingesting papers...
  ✗ Ingestion failed for 02-23

[55/366] Processing Feb 24 (02-24)...
  → Ingesting papers...
  ✗ Ingestion failed for 02-24

[56/366] Processing Feb 25 (02-25)...
  → Ingesting papers...
  ✗ Ingestion failed for 02-25

[57/366] Processing Feb 26 (02-26)...
  → Ingesting papers...
  ✗ Ingestion failed for 02-26

[58/366] Processing Feb 27 (02-27)...
  → Ingesting papers...
  ✗ Ingestion failed for 02-27

[59/366] Processing Feb 28 (02-28)...
  → Ingesting papers...
  ✗ Ingestion failed for 02-28

[60/366] Processing Feb 29 (02-29)...
  → Ingesting papers...
  ✗ Ingestion failed for 02-29

[61/366] Processing Mar 1 (03-01)...
  → Ingesting papers...
  ✗ Ingestion failed for 03-01

[62/366] Processing Mar 2 (03-02)...
  → Ingesting papers...
  ✗ Ingestion failed for 03-02

[63/366] Processing Mar 3 (03-03)...
  → Ingesting papers...
  ✗ Ingestion failed for 03-03

[64/366] Processing Mar 4 (03-04)...
  → Ingesting papers...
  ✗ Ingestion failed for 03-04

[65/366] Processing Mar 5 (03-05)...
  → Ingesting papers...
  ✗ Ingestion failed for 03-05

[66/366] Processing Mar 6 (03-06)...
  → Ingesting papers...
  ✗ Ingestion failed for 03-06

[67/366] Processing Mar 7 (03-07)...
  → Ingesting papers...
  ✗ Ingestion failed for 03-07

[68/366] Processing Mar 8 (03-08)...
  → Ingesting papers...
  ✗ Ingestion failed for 03-08

[69/366] Processing Mar 9 (03-09)...
  → Ingesting papers...
  ✗ Ingestion failed for 03-09

[70/366] Processing Mar 10 (03-10)...
  → Ingesting papers...
  ✗ Ingestion failed for 03-10

[71/366] Processing Mar 11 (03-11)...
  → Ingesting papers...
  ✗ Ingestion failed for 03-11

[72/366] Processing Mar 12 (03-12)...
  → Ingesting papers...
  ✗ Ingestion failed for 03-12

[73/366] Processing Mar 13 (03-13)...
  → Ingesting papers...
  ✗ Ingestion failed for 03-13

[74/366] Processing Mar 14 (03-14)...
  → Ingesting papers...
  ✗ Ingestion failed for 03-14

[75/366] Processing Mar 15 (03-15)...
  → Ingesting papers...
  ✗ Ingestion failed for 03-15

[76/366] Processing Mar 16 (03-16)...
  → Ingesting papers...
  ✗ Ingestion failed for 03-16

[77/366] Processing Mar 17 (03-17)...
  → Ingesting papers...
  ✗ Ingestion failed for 03-17

[78/366] Processing Mar 18 (03-18)...
  → Ingesting papers...
  ✗ Ingestion failed for 03-18

[79/366] Processing Mar 19 (03-19)...
  → Ingesting papers...
  ✗ Ingestion failed for 03-19

[80/366] Processing Mar 20 (03-20)...
  → Ingesting papers...
  ✗ Ingestion failed for 03-20

[81/366] Processing Mar 21 (03-21)...
  → Ingesting papers...
  ✗ Ingestion failed for 03-21

[82/366] Processing Mar 22 (03-22)...
  → Ingesting papers...
  ✗ Ingestion failed for 03-22

[83/366] Processing Mar 23 (03-23)...
  → Ingesting papers...
  ✗ Ingestion failed for 03-23

[84/366] Processing Mar 24 (03-24)...
  → Ingesting papers...
  ✗ Ingestion failed for 03-24

[85/366] Processing Mar 25 (03-25)...
  → Ingesting papers...
  ✗ Ingestion failed for 03-25

[86/366] Processing Mar 26 (03-26)...
  → Ingesting papers...
  ✗ Ingestion failed for 03-26

[87/366] Processing Mar 27 (03-27)...
  → Ingesting papers...
  ✗ Ingestion failed for 03-27

[88/366] Processing Mar 28 (03-28)...
  → Ingesting papers...
  ✗ Ingestion failed for 03-28

[89/366] Processing Mar 29 (03-29)...
  → Ingesting papers...
  ✗ Ingestion failed for 03-29

[90/366] Processing Mar 30 (03-30)...
  → Ingesting papers...
  ✗ Ingestion failed for 03-30

[91/366] Processing Mar 31 (03-31)...
  → Ingesting papers...
  ✗ Ingestion failed for 03-31

[92/366] Processing Apr 1 (04-01)...
  → Ingesting papers...
  ✗ Ingestion failed for 04-01

[93/366] Processing Apr 2 (04-02)...
  → Ingesting papers...
  ✗ Ingestion failed for 04-02

[94/366] Processing Apr 3 (04-03)...
  → Ingesting papers...
  ✗ Ingestion failed for 04-03

[95/366] Processing Apr 4 (04-04)...
  → Ingesting papers...
  ✗ Ingestion failed for 04-04

[96/366] Processing Apr 5 (04-05)...
  → Ingesting papers...
  ✗ Ingestion failed for 04-05

[97/366] Processing Apr 6 (04-06)...
  → Ingesting papers...
  ✗ Ingestion failed for 04-06

[98/366] Processing Apr 7 (04-07)...
  → Ingesting papers...
  ✗ Ingestion failed for 04-07

[99/366] Processing Apr 8 (04-08)...
  → Ingesting papers...
  ✗ Ingestion failed for 04-08

[100/366] Processing Apr 9 (04-09)...
  → Ingesting papers...
  ✗ Ingestion failed for 04-09

[101/366] Processing Apr 10 (04-10)...
  → Ingesting papers...
  ✗ Ingestion failed for 04-10

[102/366] Processing Apr 11 (04-11)...
  → Ingesting papers...
  ✗ Ingestion failed for 04-11

[103/366] Processing Apr 12 (04-12)...
  → Ingesting papers...
  ✗ Ingestion failed for 04-12

[104/366] Processing Apr 13 (04-13)...
  → Ingesting papers...
  ✗ Ingestion failed for 04-13

[105/366] Processing Apr 14 (04-14)...
  → Ingesting papers...
  ✗ Ingestion failed for 04-14

[106/366] Processing Apr 15 (04-15)...
  → Ingesting papers...
  ✗ Ingestion failed for 04-15

[107/366] Processing Apr 16 (04-16)...
  → Ingesting papers...
  ✗ Ingestion failed for 04-16

[108/366] Processing Apr 17 (04-17)...
  → Ingesting papers...
  ✗ Ingestion failed for 04-17

[109/366] Processing Apr 18 (04-18)...
  → Ingesting papers...
  ✗ Ingestion failed for 04-18

[110/366] Processing Apr 19 (04-19)...
  → Ingesting papers...
  ✗ Ingestion failed for 04-19

[111/366] Processing Apr 20 (04-20)...
  → Ingesting papers...
  ✗ Ingestion failed for 04-20

[112/366] Processing Apr 21 (04-21)...
  → Ingesting papers...
  ✗ Ingestion failed for 04-21

[113/366] Processing Apr 22 (04-22)...
  → Ingesting papers...
  ✗ Ingestion failed for 04-22

[114/366] Processing Apr 23 (04-23)...
  → Ingesting papers...
  ✗ Ingestion failed for 04-23

[115/366] Processing Apr 24 (04-24)...
  → Ingesting papers...
  ✗ Ingestion failed for 04-24

[116/366] Processing Apr 25 (04-25)...
  → Ingesting papers...
  ✗ Ingestion failed for 04-25

[117/366] Processing Apr 26 (04-26)...
  → Ingesting papers...
  ✗ Ingestion failed for 04-26

[118/366] Processing Apr 27 (04-27)...
  → Ingesting papers...
  ✗ Ingestion failed for 04-27

[119/366] Processing Apr 28 (04-28)...
  → Ingesting papers...
  ✗ Ingestion failed for 04-28

[120/366] Processing Apr 29 (04-29)...
  → Ingesting papers...
  ✗ Ingestion failed for 04-29

[121/366] Processing Apr 30 (04-30)...
  → Ingesting papers...
  ✗ Ingestion failed for 04-30

[122/366] Processing May 1 (05-01)...
  → Ingesting papers...
  ✗ Ingestion failed for 05-01

[123/366] Processing May 2 (05-02)...
  → Ingesting papers...
  ✗ Ingestion failed for 05-02

[124/366] Processing May 3 (05-03)...
  → Ingesting papers...
  ✗ Ingestion failed for 05-03

[125/366] Processing May 4 (05-04)...
  → Ingesting papers...
  ✗ Ingestion failed for 05-04

[126/366] Processing May 5 (05-05)...
  → Ingesting papers...
  ✗ Ingestion failed for 05-05

[127/366] Processing May 6 (05-06)...
  → Ingesting papers...
  ✗ Ingestion failed for 05-06

[128/366] Processing May 7 (05-07)...
  → Ingesting papers...
  ✗ Ingestion failed for 05-07

[129/366] Processing May 8 (05-08)...
  → Ingesting papers...
  ✗ Ingestion failed for 05-08

[130/366] Processing May 9 (05-09)...
  → Ingesting papers...
  ✗ Ingestion failed for 05-09

[131/366] Processing May 10 (05-10)...
  → Ingesting papers...
  ✗ Ingestion failed for 05-10

[132/366] Processing May 11 (05-11)...
  → Ingesting papers...
  ✗ Ingestion failed for 05-11

[133/366] Processing May 12 (05-12)...
  → Ingesting papers...
  ✗ Ingestion failed for 05-12

[134/366] Processing May 13 (05-13)...
  → Ingesting papers...
  ✗ Ingestion failed for 05-13

[135/366] Processing May 14 (05-14)...
  → Ingesting papers...
  ✗ Ingestion failed for 05-14

[136/366] Processing May 15 (05-15)...
  → Ingesting papers...
  ✗ Ingestion failed for 05-15

[137/366] Processing May 16 (05-16)...
  → Ingesting papers...
  ✗ Ingestion failed for 05-16

[138/366] Processing May 17 (05-17)...
  → Ingesting papers...
  ✗ Ingestion failed for 05-17

[139/366] Processing May 18 (05-18)...
  → Ingesting papers...
  ✗ Ingestion failed for 05-18

[140/366] Processing May 19 (05-19)...
  → Ingesting papers...
  ✗ Ingestion failed for 05-19

[141/366] Processing May 20 (05-20)...
  → Ingesting papers...
  ✗ Ingestion failed for 05-20

[142/366] Processing May 21 (05-21)...
  → Ingesting papers...
  ✗ Ingestion failed for 05-21

[143/366] Processing May 22 (05-22)...
  → Ingesting papers...
  ✗ Ingestion failed for 05-22

[144/366] Processing May 23 (05-23)...
  → Ingesting papers...
  ✗ Ingestion failed for 05-23

[145/366] Processing May 24 (05-24)...
  → Ingesting papers...
  ✗ Ingestion failed for 05-24

[146/366] Processing May 25 (05-25)...
  → Ingesting papers...
  ✗ Ingestion failed for 05-25

[147/366] Processing May 26 (05-26)...
  → Ingesting papers...
  ✗ Ingestion failed for 05-26

[148/366] Processing May 27 (05-27)...
  → Ingesting papers...
  ✗ Ingestion failed for 05-27

[149/366] Processing May 28 (05-28)...
  → Ingesting papers...
  ✗ Ingestion failed for 05-28

[150/366] Processing May 29 (05-29)...
  → Ingesting papers...
  ✗ Ingestion failed for 05-29

[151/366] Processing May 30 (05-30)...
  → Ingesting papers...
  ✗ Ingestion failed for 05-30

[152/366] Processing May 31 (05-31)...
  → Ingesting papers...
  ✗ Ingestion failed for 05-31

[153/366] Processing Jun 1 (06-01)...
  → Ingesting papers...
  ✗ Ingestion failed for 06-01

[154/366] Processing Jun 2 (06-02)...
  → Ingesting papers...
  ✗ Ingestion failed for 06-02

[155/366] Processing Jun 3 (06-03)...
  → Ingesting papers...
  ✗ Ingestion failed for 06-03

[156/366] Processing Jun 4 (06-04)...
  → Ingesting papers...
  ✗ Ingestion failed for 06-04

[157/366] Processing Jun 5 (06-05)...
  → Ingesting papers...
  ✗ Ingestion failed for 06-05

[158/366] Processing Jun 6 (06-06)...
  → Ingesting papers...
  ✗ Ingestion failed for 06-06

[159/366] Processing Jun 7 (06-07)...
  → Ingesting papers...
  ✗ Ingestion failed for 06-07

[160/366] Processing Jun 8 (06-08)...
  → Ingesting papers...
  ✗ Ingestion failed for 06-08

[161/366] Processing Jun 9 (06-09)...
  → Ingesting papers...
  ✗ Ingestion failed for 06-09

[162/366] Processing Jun 10 (06-10)...
  → Ingesting papers...
  ✗ Ingestion failed for 06-10

[163/366] Processing Jun 11 (06-11)...
  → Ingesting papers...
  ✗ Ingestion failed for 06-11

[164/366] Processing Jun 12 (06-12)...
  → Ingesting papers...
  ✗ Ingestion failed for 06-12

[165/366] Processing Jun 13 (06-13)...
  → Ingesting papers...
  ✗ Ingestion failed for 06-13

[166/366] Processing Jun 14 (06-14)...
  → Ingesting papers...
  ✗ Ingestion failed for 06-14

[167/366] Processing Jun 15 (06-15)...
  → Ingesting papers...
  ✗ Ingestion failed for 06-15

[168/366] Processing Jun 16 (06-16)...
  → Ingesting papers...
  ✗ Ingestion failed for 06-16

[169/366] Processing Jun 17 (06-17)...
  → Ingesting papers...
  ✗ Ingestion failed for 06-17

[170/366] Processing Jun 18 (06-18)...
  → Ingesting papers...
  ✗ Ingestion failed for 06-18

[171/366] Processing Jun 19 (06-19)...
  → Ingesting papers...
  ✗ Ingestion failed for 06-19

[172/366] Processing Jun 20 (06-20)...
  → Ingesting papers...
  ✗ Ingestion failed for 06-20

[173/366] Processing Jun 21 (06-21)...
  → Ingesting papers...
  ✗ Ingestion failed for 06-21

[174/366] Processing Jun 22 (06-22)...
  → Ingesting papers...
  ✗ Ingestion failed for 06-22

[175/366] Processing Jun 23 (06-23)...
  → Ingesting papers...
  ✗ Ingestion failed for 06-23

[176/366] Processing Jun 24 (06-24)...
  → Ingesting papers...
  ✗ Ingestion failed for 06-24

[177/366] Processing Jun 25 (06-25)...
  → Ingesting papers...
  ✗ Ingestion failed for 06-25

[178/366] Processing Jun 26 (06-26)...
  → Ingesting papers...
  ✗ Ingestion failed for 06-26

[179/366] Processing Jun 27 (06-27)...
  → Ingesting papers...
  ✗ Ingestion failed for 06-27

[180/366] Processing Jun 28 (06-28)...
  → Ingesting papers...
  ✗ Ingestion failed for 06-28

[181/366] Processing Jun 29 (06-29)...
  → Ingesting papers...
  ✗ Ingestion failed for 06-29

[182/366] Processing Jun 30 (06-30)...
  → Ingesting papers...
  ✗ Ingestion failed for 06-30

[183/366] Processing Jul 1 (07-01)...
  → Ingesting papers...
  ✗ Ingestion failed for 07-01

[184/366] Processing Jul 2 (07-02)...
  → Ingesting papers...
  ✗ Ingestion failed for 07-02

[185/366] Processing Jul 3 (07-03)...
  → Ingesting papers...
  ✗ Ingestion failed for 07-03

[186/366] Processing Jul 4 (07-04)...
  → Ingesting papers...
  ✗ Ingestion failed for 07-04

[187/366] Processing Jul 5 (07-05)...
  → Ingesting papers...
  ✗ Ingestion failed for 07-05

[188/366] Processing Jul 6 (07-06)...
  → Ingesting papers...
  ✗ Ingestion failed for 07-06

[189/366] Processing Jul 7 (07-07)...
  → Ingesting papers...
  ✗ Ingestion failed for 07-07

[190/366] Processing Jul 8 (07-08)...
  → Ingesting papers...
  ✗ Ingestion failed for 07-08

[191/366] Processing Jul 9 (07-09)...
  → Ingesting papers...
  ✗ Ingestion failed for 07-09

[192/366] Processing Jul 10 (07-10)...
  → Ingesting papers...
  ✗ Ingestion failed for 07-10

[193/366] Processing Jul 11 (07-11)...
  → Ingesting papers...
  ✗ Ingestion failed for 07-11

[194/366] Processing Jul 12 (07-12)...
  → Ingesting papers...
  ✗ Ingestion failed for 07-12

[195/366] Processing Jul 13 (07-13)...
  → Ingesting papers...
  ✗ Ingestion failed for 07-13

[196/366] Processing Jul 14 (07-14)...
  → Ingesting papers...
  ✗ Ingestion failed for 07-14

[197/366] Processing Jul 15 (07-15)...
  → Ingesting papers...
  ✗ Ingestion failed for 07-15

[198/366] Processing Jul 16 (07-16)...
  → Ingesting papers...
  ✗ Ingestion failed for 07-16

[199/366] Processing Jul 17 (07-17)...
  → Ingesting papers...
  ✗ Ingestion failed for 07-17

[200/366] Processing Jul 18 (07-18)...
  → Ingesting papers...
  ✗ Ingestion failed for 07-18

[201/366] Processing Jul 19 (07-19)...
  → Ingesting papers...
  ✗ Ingestion failed for 07-19

[202/366] Processing Jul 20 (07-20)...
  → Ingesting papers...
  ✗ Ingestion failed for 07-20

[203/366] Processing Jul 21 (07-21)...
  → Ingesting papers...
  ✗ Ingestion failed for 07-21

[204/366] Processing Jul 22 (07-22)...
  → Ingesting papers...
  ✗ Ingestion failed for 07-22

[205/366] Processing Jul 23 (07-23)...
  → Ingesting papers...
  ✗ Ingestion failed for 07-23

[206/366] Processing Jul 24 (07-24)...
  → Ingesting papers...
  ✗ Ingestion failed for 07-24

[207/366] Processing Jul 25 (07-25)...
  → Ingesting papers...
  ✗ Ingestion failed for 07-25

[208/366] Processing Jul 26 (07-26)...
  → Ingesting papers...
  ✗ Ingestion failed for 07-26

[209/366] Processing Jul 27 (07-27)...
  → Ingesting papers...
  ✗ Ingestion failed for 07-27

[210/366] Processing Jul 28 (07-28)...
  → Ingesting papers...
  ✗ Ingestion failed for 07-28

[211/366] Processing Jul 29 (07-29)...
  → Ingesting papers...
  ✗ Ingestion failed for 07-29

[212/366] Processing Jul 30 (07-30)...
  → Ingesting papers...
  ✗ Ingestion failed for 07-30

[213/366] Processing Jul 31 (07-31)...
  → Ingesting papers...
  ✗ Ingestion failed for 07-31

[214/366] Processing Aug 1 (08-01)...
  → Ingesting papers...
  ✗ Ingestion failed for 08-01

[215/366] Processing Aug 2 (08-02)...
  → Ingesting papers...
  ✗ Ingestion failed for 08-02

[216/366] Processing Aug 3 (08-03)...
  → Ingesting papers...
  ✗ Ingestion failed for 08-03

[217/366] Processing Aug 4 (08-04)...
  → Ingesting papers...
  ✗ Ingestion failed for 08-04

[218/366] Processing Aug 5 (08-05)...
  → Ingesting papers...
  ✗ Ingestion failed for 08-05

[219/366] Processing Aug 6 (08-06)...
  → Ingesting papers...
  ✗ Ingestion failed for 08-06

[220/366] Processing Aug 7 (08-07)...
  → Ingesting papers...
  ✗ Ingestion failed for 08-07

[221/366] Processing Aug 8 (08-08)...
  → Ingesting papers...
  ✗ Ingestion failed for 08-08

[222/366] Processing Aug 9 (08-09)...
  → Ingesting papers...
  ✗ Ingestion failed for 08-09

[223/366] Processing Aug 10 (08-10)...
  → Ingesting papers...
  ✗ Ingestion failed for 08-10

[224/366] Processing Aug 11 (08-11)...
  → Ingesting papers...
  ✗ Ingestion failed for 08-11

[225/366] Processing Aug 12 (08-12)...
  → Ingesting papers...
  ✗ Ingestion failed for 08-12

[226/366] Processing Aug 13 (08-13)...
  → Ingesting papers...
  ✗ Ingestion failed for 08-13

[227/366] Processing Aug 14 (08-14)...
  → Ingesting papers...
  ✗ Ingestion failed for 08-14

[228/366] Processing Aug 15 (08-15)...
  → Ingesting papers...
  ✗ Ingestion failed for 08-15

[229/366] Processing Aug 16 (08-16)...
  → Ingesting papers...
  ✗ Ingestion failed for 08-16

[230/366] Processing Aug 17 (08-17)...
  → Ingesting papers...
  ✗ Ingestion failed for 08-17

[231/366] Processing Aug 18 (08-18)...
  → Ingesting papers...
  ✗ Ingestion failed for 08-18

[232/366] Processing Aug 19 (08-19)...
  → Ingesting papers...
  ✗ Ingestion failed for 08-19

[233/366] Processing Aug 20 (08-20)...
  → Ingesting papers...
  ✗ Ingestion failed for 08-20

[234/366] Processing Aug 21 (08-21)...
  → Ingesting papers...
  ✗ Ingestion failed for 08-21

[235/366] Processing Aug 22 (08-22)...
  → Ingesting papers...
  ✗ Ingestion failed for 08-22

[236/366] Processing Aug 23 (08-23)...
  → Ingesting papers...
  ✗ Ingestion failed for 08-23

[237/366] Processing Aug 24 (08-24)...
  → Ingesting papers...
  ✗ Ingestion failed for 08-24

[238/366] Processing Aug 25 (08-25)...
  → Ingesting papers...
  ✗ Ingestion failed for 08-25

[239/366] Processing Aug 26 (08-26)...
  → Ingesting papers...
  ✗ Ingestion failed for 08-26

[240/366] Processing Aug 27 (08-27)...
  → Ingesting papers...
  ✗ Ingestion failed for 08-27

[241/366] Processing Aug 28 (08-28)...
  → Ingesting papers...
  ✗ Ingestion failed for 08-28

[242/366] Processing Aug 29 (08-29)...
  → Ingesting papers...
  ✗ Ingestion failed for 08-29

[243/366] Processing Aug 30 (08-30)...
  → Ingesting papers...
  ✗ Ingestion failed for 08-30

[244/366] Processing Aug 31 (08-31)...
  → Ingesting papers...
  ✗ Ingestion failed for 08-31

[245/366] Processing Sep 1 (09-01)...
  → Ingesting papers...
  ✗ Ingestion failed for 09-01

[246/366] Processing Sep 2 (09-02)...
  → Ingesting papers...
  ✗ Ingestion failed for 09-02

[247/366] Processing Sep 3 (09-03)...
  → Ingesting papers...
  ✗ Ingestion failed for 09-03

[248/366] Processing Sep 4 (09-04)...
  → Ingesting papers...
  ✗ Ingestion failed for 09-04

[249/366] Processing Sep 5 (09-05)...
  → Ingesting papers...
  ✗ Ingestion failed for 09-05

[250/366] Processing Sep 6 (09-06)...
  → Ingesting papers...
  ✗ Ingestion failed for 09-06

[251/366] Processing Sep 7 (09-07)...
  → Ingesting papers...
  ✗ Ingestion failed for 09-07

[252/366] Processing Sep 8 (09-08)...
  → Ingesting papers...
  ✗ Ingestion failed for 09-08

[253/366] Processing Sep 9 (09-09)...
  → Ingesting papers...
  ✗ Ingestion failed for 09-09

[254/366] Processing Sep 10 (09-10)...
  → Ingesting papers...
  ✗ Ingestion failed for 09-10

[255/366] Processing Sep 11 (09-11)...
  → Ingesting papers...
  ✗ Ingestion failed for 09-11

[256/366] Processing Sep 12 (09-12)...
  → Ingesting papers...
  ✗ Ingestion failed for 09-12

[257/366] Processing Sep 13 (09-13)...
  → Ingesting papers...
  ✗ Ingestion failed for 09-13

[258/366] Processing Sep 14 (09-14)...
  → Ingesting papers...
  ✗ Ingestion failed for 09-14

[259/366] Processing Sep 15 (09-15)...
  → Ingesting papers...
  ✗ Ingestion failed for 09-15

[260/366] Processing Sep 16 (09-16)...
  → Ingesting papers...
  ✗ Ingestion failed for 09-16

[261/366] Processing Sep 17 (09-17)...
  → Ingesting papers...
  ✗ Ingestion failed for 09-17

[262/366] Processing Sep 18 (09-18)...
  → Ingesting papers...
  ✗ Ingestion failed for 09-18

[263/366] Processing Sep 19 (09-19)...
  → Ingesting papers...
  ✗ Ingestion failed for 09-19

[264/366] Processing Sep 20 (09-20)...
  → Ingesting papers...
  ✗ Ingestion failed for 09-20

[265/366] Processing Sep 21 (09-21)...
  → Ingesting papers...
  ✗ Ingestion failed for 09-21

[266/366] Processing Sep 22 (09-22)...
  → Ingesting papers...
  ✗ Ingestion failed for 09-22

[267/366] Processing Sep 23 (09-23)...
  → Ingesting papers...
  ✗ Ingestion failed for 09-23

[268/366] Processing Sep 24 (09-24)...
  → Ingesting papers...
  ✗ Ingestion failed for 09-24

[269/366] Processing Sep 25 (09-25)...
  → Ingesting papers...
  ✗ Ingestion failed for 09-25

[270/366] Processing Sep 26 (09-26)...
  → Ingesting papers...
  ✗ Ingestion failed for 09-26

[271/366] Processing Sep 27 (09-27)...
  → Ingesting papers...
  ✗ Ingestion failed for 09-27

[272/366] Processing Sep 28 (09-28)...
  → Ingesting papers...
  ✗ Ingestion failed for 09-28

[273/366] Processing Sep 29 (09-29)...
  → Ingesting papers...
  ✗ Ingestion failed for 09-29

[274/366] Processing Sep 30 (09-30)...
  → Ingesting papers...
  ✗ Ingestion failed for 09-30

[275/366] Processing Oct 1 (10-01)...
  → Ingesting papers...
  ✗ Ingestion failed for 10-01

[276/366] Processing Oct 2 (10-02)...
  → Ingesting papers...
  ✗ Ingestion failed for 10-02

[277/366] Processing Oct 3 (10-03)...
  → Ingesting papers...
  ✗ Ingestion failed for 10-03

[278/366] Processing Oct 4 (10-04)...
  → Ingesting papers...
  ✗ Ingestion failed for 10-04

[279/366] Processing Oct 5 (10-05)...
  → Ingesting papers...
  ✗ Ingestion failed for 10-05

[280/366] Processing Oct 6 (10-06)...
  → Ingesting papers...
  ✗ Ingestion failed for 10-06

[281/366] Processing Oct 7 (10-07)...
  → Ingesting papers...
  ✗ Ingestion failed for 10-07

[282/366] Processing Oct 8 (10-08)...
  → Ingesting papers...
  ✗ Ingestion failed for 10-08

[283/366] Processing Oct 9 (10-09)...
  → Ingesting papers...
  ✗ Ingestion failed for 10-09

[284/366] Processing Oct 10 (10-10)...
  → Ingesting papers...
  ✗ Ingestion failed for 10-10

[285/366] Processing Oct 11 (10-11)...
  → Ingesting papers...
  ✗ Ingestion failed for 10-11

[286/366] Processing Oct 12 (10-12)...
  → Ingesting papers...
  ✗ Ingestion failed for 10-12

[287/366] Processing Oct 13 (10-13)...
  → Ingesting papers...
  ✗ Ingestion failed for 10-13

[288/366] Processing Oct 14 (10-14)...
  → Ingesting papers...
  ✗ Ingestion failed for 10-14

[289/366] Processing Oct 15 (10-15)...
  → Ingesting papers...
  ✗ Ingestion failed for 10-15

[290/366] Processing Oct 16 (10-16)...
  → Ingesting papers...
  ✗ Ingestion failed for 10-16

[291/366] Processing Oct 17 (10-17)...
  → Ingesting papers...
  ✗ Ingestion failed for 10-17

[292/366] Processing Oct 18 (10-18)...
  → Ingesting papers...
  ✗ Ingestion failed for 10-18

[293/366] Processing Oct 19 (10-19)...
  → Ingesting papers...
  ✗ Ingestion failed for 10-19

[294/366] Processing Oct 20 (10-20)...
  → Ingesting papers...
  ✗ Ingestion failed for 10-20

[295/366] Processing Oct 21 (10-21)...
  → Ingesting papers...
  ✗ Ingestion failed for 10-21

[296/366] Processing Oct 22 (10-22)...
  → Ingesting papers...
  ✗ Ingestion failed for 10-22

[297/366] Processing Oct 23 (10-23)...
  → Ingesting papers...
  ✗ Ingestion failed for 10-23

[298/366] Processing Oct 24 (10-24)...
  → Ingesting papers...
  ✗ Ingestion failed for 10-24

[299/366] Processing Oct 25 (10-25)...
  → Ingesting papers...
  ✗ Ingestion failed for 10-25

[300/366] Processing Oct 26 (10-26)...
  → Ingesting papers...
  ✗ Ingestion failed for 10-26

[301/366] Processing Oct 27 (10-27)...
  → Ingesting papers...
  ✗ Ingestion failed for 10-27

[302/366] Processing Oct 28 (10-28)...
  → Ingesting papers...
  ✗ Ingestion failed for 10-28

[303/366] Processing Oct 29 (10-29)...
  → Ingesting papers...
  ✗ Ingestion failed for 10-29

[304/366] Processing Oct 30 (10-30)...
  → Ingesting papers...
  ✗ Ingestion failed for 10-30

[305/366] Processing Oct 31 (10-31)...
  → Ingesting papers...
  ✗ Ingestion failed for 10-31

[306/366] Processing Nov 1 (11-01)...
  → Ingesting papers...
  ✗ Ingestion failed for 11-01

[307/366] Processing Nov 2 (11-02)...
  → Ingesting papers...
  ✗ Ingestion failed for 11-02

[308/366] Processing Nov 3 (11-03)...
  → Ingesting papers...
  ✗ Ingestion failed for 11-03

[309/366] Processing Nov 4 (11-04)...
  → Ingesting papers...
  ✗ Ingestion failed for 11-04

[310/366] Processing Nov 5 (11-05)...
  → Ingesting papers...
  ✗ Ingestion failed for 11-05

[311/366] Processing Nov 6 (11-06)...
  → Ingesting papers...
  ✗ Ingestion failed for 11-06

[312/366] Processing Nov 7 (11-07)...
  → Ingesting papers...
  ✗ Ingestion failed for 11-07

[313/366] Processing Nov 8 (11-08)...
  → Ingesting papers...
  ✗ Ingestion failed for 11-08

[314/366] Processing Nov 9 (11-09)...
  → Ingesting papers...
  ✗ Ingestion failed for 11-09

[315/366] Processing Nov 10 (11-10)...
  → Ingesting papers...
  ✗ Ingestion failed for 11-10

[316/366] Processing Nov 11 (11-11)...
  → Ingesting papers...
  ✗ Ingestion failed for 11-11

[317/366] Processing Nov 12 (11-12)...
  → Ingesting papers...
  ✗ Ingestion failed for 11-12

[318/366] Processing Nov 13 (11-13)...
  → Ingesting papers...
  ✗ Ingestion failed for 11-13

[319/366] Processing Nov 14 (11-14)...
  → Ingesting papers...
  ✗ Ingestion failed for 11-14

[320/366] Processing Nov 15 (11-15)...
  → Ingesting papers...
  ✗ Ingestion failed for 11-15

[321/366] Processing Nov 16 (11-16)...
  → Ingesting papers...
  ✗ Ingestion failed for 11-16

[322/366] Processing Nov 17 (11-17)...
  → Ingesting papers...
  ✗ Ingestion failed for 11-17

[323/366] Processing Nov 18 (11-18)...
  → Ingesting papers...
  ✗ Ingestion failed for 11-18

[324/366] Processing Nov 19 (11-19)...
  → Ingesting papers...
  ✗ Ingestion failed for 11-19

[325/366] Processing Nov 20 (11-20)...
  → Ingesting papers...
  ✗ Ingestion failed for 11-20

[326/366] Processing Nov 21 (11-21)...
  → Ingesting papers...
  ✗ Ingestion failed for 11-21

[327/366] Processing Nov 22 (11-22)...
  → Ingesting papers...
  ✗ Ingestion failed for 11-22

[328/366] Processing Nov 23 (11-23)...
  → Ingesting papers...
  ✗ Ingestion failed for 11-23

[329/366] Processing Nov 24 (11-24)...
  → Ingesting papers...
  ✗ Ingestion failed for 11-24

[330/366] Processing Nov 25 (11-25)...
  → Ingesting papers...
  ✗ Ingestion failed for 11-25

[331/366] Processing Nov 26 (11-26)...
  → Ingesting papers...
  ✗ Ingestion failed for 11-26

[332/366] Processing Nov 27 (11-27)...
  → Ingesting papers...
  ✗ Ingestion failed for 11-27

[333/366] Processing Nov 28 (11-28)...
  → Ingesting papers...
  ✗ Ingestion failed for 11-28

[334/366] Processing Nov 29 (11-29)...
  → Ingesting papers...
  ✗ Ingestion failed for 11-29

[335/366] Processing Nov 30 (11-30)...
  → Ingesting papers...
  ✗ Ingestion failed for 11-30

[336/366] Processing Dec 1 (12-01)...
  → Ingesting papers...
  ✗ Ingestion failed for 12-01

[337/366] Processing Dec 2 (12-02)...
  → Ingesting papers...
  ✗ Ingestion failed for 12-02

[338/366] Processing Dec 3 (12-03)...
  → Ingesting papers...
  ✗ Ingestion failed for 12-03

[339/366] Processing Dec 4 (12-04)...
  → Ingesting papers...
  ✗ Ingestion failed for 12-04

[340/366] Processing Dec 5 (12-05)...
  → Ingesting papers...
  ✗ Ingestion failed for 12-05

[341/366] Processing Dec 6 (12-06)...
  → Ingesting papers...
  ✗ Ingestion failed for 12-06

[342/366] Processing Dec 7 (12-07)...
  → Ingesting papers...
  ✗ Ingestion failed for 12-07

[343/366] Processing Dec 8 (12-08)...
  → Ingesting papers...
  ✗ Ingestion failed for 12-08

[344/366] Processing Dec 9 (12-09)...
  → Ingesting papers...
  ✗ Ingestion failed for 12-09

[345/366] Processing Dec 10 (12-10)...
  → Ingesting papers...
  ✗ Ingestion failed for 12-10

[346/366] Processing Dec 11 (12-11)...
  → Ingesting papers...
  ✗ Ingestion failed for 12-11

[347/366] Processing Dec 12 (12-12)...
  → Ingesting papers...
  ✗ Ingestion failed for 12-12

[348/366] Processing Dec 13 (12-13)...
  → Ingesting papers...
  ✗ Ingestion failed for 12-13

[349/366] Processing Dec 14 (12-14)...
  → Ingesting papers...
  ✗ Ingestion failed for 12-14

[350/366] Processing Dec 15 (12-15)...
  → Ingesting papers...
  ✗ Ingestion failed for 12-15

[351/366] Processing Dec 16 (12-16)...
  → Ingesting papers...
  ✗ Ingestion failed for 12-16

[352/366] Processing Dec 17 (12-17)...
  → Ingesting papers...
  ✗ Ingestion failed for 12-17

[353/366] Processing Dec 18 (12-18)...
  → Ingesting papers...
  ✗ Ingestion failed for 12-18

[354/366] Processing Dec 19 (12-19)...
  → Ingesting papers...
  ✗ Ingestion failed for 12-19

[355/366] Processing Dec 20 (12-20)...
  → Ingesting papers...
  ✗ Ingestion failed for 12-20

[356/366] Processing Dec 21 (12-21)...
  → Ingesting papers...
  ✗ Ingestion failed for 12-21

[357/366] Processing Dec 22 (12-22)...
  → Ingesting papers...
  ✗ Ingestion failed for 12-22

[358/366] Processing Dec 23 (12-23)...
  → Ingesting papers...
  ✗ Ingestion failed for 12-23

[359/366] Processing Dec 24 (12-24)...
  → Ingesting papers...
  ✗ Ingestion failed for 12-24

[360/366] Processing Dec 25 (12-25)...
  → Ingesting papers...
  ✗ Ingestion failed for 12-25

[361/366] Processing Dec 26 (12-26)...
  → Ingesting papers...
  ✗ Ingestion failed for 12-26

[362/366] Processing Dec 27 (12-27)...
  → Ingesting papers...
  ✗ Ingestion failed for 12-27

[363/366] Processing Dec 28 (12-28)...
  → Ingesting papers...
  ✗ Ingestion failed for 12-28

[364/366] Processing Dec 29 (12-29)...
  → Ingesting papers...
  ✗ Ingestion failed for 12-29

[365/366] Processing Dec 30 (12-30)...
  → Ingesting papers...
  ✗ Ingestion failed for 12-30

[366/366] Processing Dec 31 (12-31)...
  → Ingesting papers...
  ✗ Ingestion failed for 12-31

============================================================
✓ ALL DATES COMPLETED!
Your site now has papers for all 365 days of the year.
============================================================
